573137182944:ENCOLADO ans_5d563acb-baea-450f-8fad-41a8bbf8d886
EJECUTANDO:ans_5d563acb-baea-450f-8fad-41a8bbf8d886
573137182944:SUCCESS
573137182944:ENCOLADO ans_717a7a24-c58a-4c33-b5a1-35cdad8cb77e
EJECUTANDO:ans_717a7a24-c58a-4c33-b5a1-35cdad8cb77e
573137182944:SUCCESS
573137182944:ENCOLADO ans_5d563acb-baea-450f-8fad-41a8bbf8d886
EJECUTANDO:ans_5d563acb-baea-450f-8fad-41a8bbf8d886
573137182944:SUCCESS
573137182944:ENCOLADO ans_5d563acb-baea-450f-8fad-41a8bbf8d886
EJECUTANDO:ans_5d563acb-baea-450f-8fad-41a8bbf8d886
573137182944:SUCCESS
573137182944:ENCOLADO ans_5d563acb-baea-450f-8fad-41a8bbf8d886
EJECUTANDO:ans_5d563acb-baea-450f-8fad-41a8bbf8d886
573137182944:SUCCESS
573137182944:ENCOLADO ans_e534a224-99d2-44a5-93c9-7764ed61513b
EJECUTANDO:ans_e534a224-99d2-44a5-93c9-7764ed61513b
573137182944:SUCCESS
573137182944:ENCOLADO ans_5d563acb-baea-450f-8fad-41a8bbf8d886
EJECUTANDO:ans_5d563acb-baea-450f-8fad-41a8bbf8d886
573137182944:SUCCESS
